obj\Release\netstandard2.1\blazor\linker\BlazorStyled.dll
obj\Release\netstandard2.1\blazor\linker\Google.Protobuf.dll
obj\Release\netstandard2.1\blazor\linker\Grpc.Core.Api.dll
obj\Release\netstandard2.1\blazor\linker\Grpc.Net.Client.dll
obj\Release\netstandard2.1\blazor\linker\Grpc.Net.Client.Web.dll
obj\Release\netstandard2.1\blazor\linker\Grpc.Net.Common.dll
obj\Release\netstandard2.1\blazor\linker\grpcCalls.dll
obj\Release\netstandard2.1\blazor\linker\Microsoft.AspNetCore.Components.dll
obj\Release\netstandard2.1\blazor\linker\Microsoft.AspNetCore.Components.Web.dll
obj\Release\netstandard2.1\blazor\linker\Microsoft.AspNetCore.Components.WebAssembly.dll
obj\Release\netstandard2.1\blazor\linker\Microsoft.Bcl.AsyncInterfaces.dll
obj\Release\netstandard2.1\blazor\linker\Microsoft.Extensions.Configuration.Abstractions.dll
obj\Release\netstandard2.1\blazor\linker\Microsoft.Extensions.Configuration.dll
obj\Release\netstandard2.1\blazor\linker\Microsoft.Extensions.Configuration.Json.dll
obj\Release\netstandard2.1\blazor\linker\Microsoft.Extensions.DependencyInjection.Abstractions.dll
obj\Release\netstandard2.1\blazor\linker\Microsoft.Extensions.DependencyInjection.dll
obj\Release\netstandard2.1\blazor\linker\Microsoft.Extensions.Logging.Abstractions.dll
obj\Release\netstandard2.1\blazor\linker\Microsoft.Extensions.Logging.dll
obj\Release\netstandard2.1\blazor\linker\Microsoft.Extensions.Options.dll
obj\Release\netstandard2.1\blazor\linker\Microsoft.Extensions.Primitives.dll
obj\Release\netstandard2.1\blazor\linker\Microsoft.JSInterop.dll
obj\Release\netstandard2.1\blazor\linker\Microsoft.JSInterop.WebAssembly.dll
obj\Release\netstandard2.1\blazor\linker\Mono.Security.dll
obj\Release\netstandard2.1\blazor\linker\mscorlib.dll
obj\Release\netstandard2.1\blazor\linker\Newtonsoft.Json.dll
obj\Release\netstandard2.1\blazor\linker\SDV701common.dll
obj\Release\netstandard2.1\blazor\linker\System.Core.dll
obj\Release\netstandard2.1\blazor\linker\System.Data.dll
obj\Release\netstandard2.1\blazor\linker\System.Diagnostics.DiagnosticSource.dll
obj\Release\netstandard2.1\blazor\linker\System.dll
obj\Release\netstandard2.1\blazor\linker\System.Net.Http.dll
obj\Release\netstandard2.1\blazor\linker\System.Net.Http.WebAssemblyHttpHandler.dll
obj\Release\netstandard2.1\blazor\linker\System.Numerics.dll
obj\Release\netstandard2.1\blazor\linker\System.Runtime.CompilerServices.Unsafe.dll
obj\Release\netstandard2.1\blazor\linker\System.Runtime.Serialization.dll
obj\Release\netstandard2.1\blazor\linker\System.Text.Encodings.Web.dll
obj\Release\netstandard2.1\blazor\linker\System.Text.Json.dll
obj\Release\netstandard2.1\blazor\linker\System.Xml.dll
obj\Release\netstandard2.1\blazor\linker\System.Xml.Linq.dll
obj\Release\netstandard2.1\blazor\linker\WebAssembly.Bindings.dll
obj\Release\netstandard2.1\blazor\linker\WebClientWASM.dll
obj\Release\netstandard2.1\blazor\linker\Google.Protobuf.pdb
obj\Release\netstandard2.1\blazor\linker\Grpc.Core.Api.pdb
obj\Release\netstandard2.1\blazor\linker\Grpc.Net.Client.pdb
obj\Release\netstandard2.1\blazor\linker\Grpc.Net.Client.Web.pdb
obj\Release\netstandard2.1\blazor\linker\Grpc.Net.Common.pdb
obj\Release\netstandard2.1\blazor\linker\grpcCalls.pdb
obj\Release\netstandard2.1\blazor\linker\SDV701common.pdb
obj\Release\netstandard2.1\blazor\linker\WebClientWASM.pdb
